app/mapping.txt
vip.okfood.outputformat.CacheMsg -> vip.okfood.outputformat.a:
    java.util.List datas -> a
    void clean() -> a
    java.lang.String msgList() -> b
    void <clinit>() -> <clinit>
vip.okfood.outputformat.LeoAdd -> vip.okfood.outputformat.b:
    java.lang.String msg -> a
    void <init>(java.lang.String) -> <init>
    java.lang.String getMsg() -> a
vip.okfood.outputformat.MainActivity -> vip.okfood.outputformat.MainActivity:
    android.widget.TextView mTextView -> b
    vip.okfood.outputformat.LeoAdd leoAdd -> a
    void <init>() -> <init>
    void onCreate(android.os.Bundle) -> onCreate
    void hintClick(android.view.View) -> hintClick
    void toast(java.lang.String) -> a
    void onDestroy() -> onDestroy
    void queryFix(android.view.View) -> queryFix
vip.okfood.outputformat.MyApp -> vip.okfood.outputformat.MyApp:
    void <init>() -> <init>
    void attachBaseContext(android.content.Context) -> attachBaseContext
...
android.support.v4.app.FragmentContainer -> android.support.v4.app.FragmentContainer:
    void <init>() -> <init>
    android.view.View onFindViewById(int) -> onFindViewById
    boolean onHasView() -> onHasView
    android.support.v4.app.Fragment instantiate(android.content.Context,java.lang.String,android.os.Bundle) -> instantiate
android.support.v4.app.FragmentController -> android.support.v4.app.FragmentController:
    android.support.v4.app.FragmentHostCallback mHost -> mHost
    android.support.v4.app.FragmentController createController(android.support.v4.app.FragmentHostCallback) -> createController
    void <init>(android.support.v4.app.FragmentHostCallback) -> <init>
    android.support.v4.app.FragmentManager getSupportFragmentManager() -> getSupportFragmentManager
    android.support.v4.app.LoaderManager getSupportLoaderManager() -> getSupportLoaderManager
    android.support.v4.app.Fragment findFragmentByWho(java.lang.String) -> findFragmentByWho
    int getActiveFragmentsCount() -> getActiveFragmentsCount
    java.util.List getActiveFragments(java.util.List) -> getActiveFragments
    void attachHost(android.support.v4.app.Fragment) -> attachHost
    android.view.View onCreateView(android.view.View,java.lang.String,android.content.Context,android.util.AttributeSet) -> onCreateView
    void noteStateNotSaved() -> noteStateNotSaved
    android.os.Parcelable saveAllState() -> saveAllState
    void restoreAllState(android.os.Parcelable,java.util.List) -> restoreAllState
    void restoreAllState(android.os.Parcelable,android.support.v4.app.FragmentManagerNonConfig) -> restoreAllState
    java.util.List retainNonConfig() -> retainNonConfig
    android.support.v4.app.FragmentManagerNonConfig retainNestedNonConfig() -> retainNestedNonConfig
    void dispatchCreate() -> dispatchCreate
android.support.v4.app.FragmentHostCallback -> android.support.v4.app.FragmentHostCallback:
    android.app.Activity mActivity -> mActivity
    android.content.Context mContext -> mContext
    android.os.Handler mHandler -> mHandler
    int mWindowAnimations -> mWindowAnimations
    android.support.v4.app.FragmentManagerImpl mFragmentManager -> mFragmentManager
    void <init>(android.content.Context,android.os.Handler,int) -> <init>
    void <init>(android.support.v4.app.FragmentActivity) -> <init>
    void <init>(android.app.Activity,android.content.Context,android.os.Handler,int) -> <init>
    void onDump(java.lang.String,java.io.FileDescriptor,java.io.PrintWriter,java.lang.String[]) -> onDump
    boolean onShouldSaveFragmentState(android.support.v4.app.Fragment) -> onShouldSaveFragmentState
    android.view.LayoutInflater onGetLayoutInflater() -> onGetLayoutInflater
    java.lang.Object onGetHost() -> onGetHost
    void onSupportInvalidateOptionsMenu() -> onSupportInvalidateOptionsMenu
    void onStartActivityFromFragment(android.support.v4.app.Fragment,android.content.Intent,int) -> onStartActivityFromFragment
    void onStartActivityFromFragment(android.support.v4.app.Fragment,android.content.Intent,int,android.os.Bundle) -> onStartActivityFromFragment
    void onStartIntentSenderFromFragment(android.support.v4.app.Fragment,android.content.IntentSender,int,android.content.Intent,int,int,int,android.os.Bundle) -> onStartIntentSenderFromFragment